#
# There is insufficient memory for the Java Runtime Environment to continue.
# Native memory allocation (malloc) failed to allocate 32744 bytes for ChunkPool::allocate
# Possible reasons:
#   The system is out of physical RAM or swap space
#   The process is running with CompressedOops enabled, and the Java Heap may be blocking the growth of the native heap
# Possible solutions:
#   Reduce memory load on the system
#   Increase physical memory or swap space
#   Check if swap backing store is full
#   Decrease Java heap size (-Xmx/-Xms)
#   Decrease number of Java threads
#   Decrease Java thread stack sizes (-Xss)
#   Set larger code cache with -XX:ReservedCodeCacheSize=
#   JVM is running with Unscaled Compressed Oops mode in which the Java heap is
#     placed in the first 4GB address space. The Java Heap base address is the
#     maximum limit for the native heap growth. Please use -XX:HeapBaseMinAddress
#     to set the Java Heap base and to place the Java Heap above 4GB virtual address.
# This output file may be truncated or incomplete.
#
#  Out of Memory Error (./open/src/hotspot/share/memory/arena.cpp:81), pid=18116, tid=9396
#
# JRE version: Java(TM) SE Runtime Environment 18.9 (11.0.14+8) (build 11.0.14+8-LTS-263)
# Java VM: Java HotSpot(TM) 64-Bit Server VM 18.9 (11.0.14+8-LTS-263, mixed mode, tiered, compressed oops, g1 gc, windows-amd64)
# No core dump will be written. Minidumps are not enabled by default on client versions of Windows
#

---------------  S U M M A R Y ------------

Command Line: -Dorg.gradle.internal.worker.tmpdir=F:\Qa29 Projects\AcrossTroughtCaptcha\build\tmp\test\work -Dorg.gradle.native=false --add-opens=java.base/java.util=ALL-UNNAMED --add-opens=java.base/java.lang=ALL-UNNAMED -Xmx512m -Dfile.encoding=windows-1251 -Duser.country=RU -Duser.language=ru -Duser.variant -ea worker.org.gradle.process.internal.worker.GradleWorkerMain 'Gradle Test Executor 9'

Host: Intel(R) Core(TM) i5-7200U CPU @ 2.50GHz, 4 cores, 3G,  Windows 10 , 64 bit Build 19041 (10.0.19041.1645)
Time: Tue Apr 26 09:01:50 2022 Иерусалимское время (лето) elapsed time: 18.649142 seconds (0d 0h 0m 18s)

---------------  T H R E A D  ---------------

Current thread (0x000001d42e01d800):  JavaThread "C2 CompilerThread0" daemon [_thread_in_native, id=9396, stack(0x000000ca20500000,0x000000ca20600000)]


Current CompileTask:
C2:  18649 2130       4       java.net.URLStreamHandler::setURL (73 bytes)

Stack: [0x000000ca20500000,0x000000ca20600000]
Native frames: (J=compiled Java code, j=interpreted, Vv=VM code, C=native code)
V  [jvm.dll+0x6296da]
V  [jvm.dll+0x76323f]
V  [jvm.dll+0x7648e9]
V  [jvm.dll+0x764f73]
V  [jvm.dll+0x23d7c8]
V  [jvm.dll+0xb2bdb]
V  [jvm.dll+0xb2f3c]
V  [jvm.dll+0xb2a8b]
V  [jvm.dll+0x609a6f]
V  [jvm.dll+0x658ed3]
V  [jvm.dll+0x18cc2d]
V  [jvm.dll+0x1f8472]
V  [jvm.dll+0x1f754d]
V  [jvm.dll+0x177b21]
V  [jvm.dll+0x206e26]
V  [jvm.dll+0x204fbb]
V  [jvm.dll+0x729170]
V  [jvm.dll+0x721d44]
V  [jvm.dll+0x6285d6]
C  [ucrtbase.dll+0x21bb2]
C  [KERNEL32.DLL+0x17034]
C  [ntdll.dll+0x52651]


---------------  P R O C E S S  ---------------

Threads class SMR info:
_java_thread_list=0x000001d42ea47390, length=19, elements={
0x000001d411a87800, 0x000001d42dffb000, 0x000001d42e003800, 0x000001d42e063800,
0x000001d42e018000, 0x000001d42e01b000, 0x000001d42e01d800, 0x000001d42e01f800,
0x000001d42e073000, 0x000001d42e2e9800, 0x000001d42ea97000, 0x000001d42ea94800,
0x000001d42eb71800, 0x000001d42f91d800, 0x000001d42f9d3800, 0x000001d42f9da800,
0x000001d42f97a800, 0x000001d42fbb9000, 0x000001d42fbbc000
}

Java Threads: ( => current thread )
  0x000001d411a87800 JavaThread "main" [_thread_blocked, id=12108, stack(0x000000ca1f900000,0x000000ca1fa00000)]
  0x000001d42dffb000 JavaThread "Reference Handler" daemon [_thread_blocked, id=14952, stack(0x000000ca20000000,0x000000ca20100000)]
  0x000001d42e003800 JavaThread "Finalizer" daemon [_thread_blocked, id=240, stack(0x000000ca20100000,0x000000ca20200000)]
  0x000001d42e063800 JavaThread "Signal Dispatcher" daemon [_thread_blocked, id=18164, stack(0x000000ca20200000,0x000000ca20300000)]
  0x000001d42e018000 JavaThread "Attach Listener" daemon [_thread_blocked, id=17712, stack(0x000000ca20300000,0x000000ca20400000)]
  0x000001d42e01b000 JavaThread "Service Thread" daemon [_thread_blocked, id=16980, stack(0x000000ca20400000,0x000000ca20500000)]
=>0x000001d42e01d800 JavaThread "C2 CompilerThread0" daemon [_thread_in_native, id=9396, stack(0x000000ca20500000,0x000000ca20600000)]
  0x000001d42e01f800 JavaThread "C1 CompilerThread0" daemon [_thread_blocked, id=18108, stack(0x000000ca20600000,0x000000ca20700000)]
  0x000001d42e073000 JavaThread "Sweeper thread" daemon [_thread_blocked, id=2156, stack(0x000000ca20700000,0x000000ca20800000)]
  0x000001d42e2e9800 JavaThread "Common-Cleaner" daemon [_thread_blocked, id=14300, stack(0x000000ca20800000,0x000000ca20900000)]
  0x000001d42ea97000 JavaThread "Forwarding maximizeCurrentWindow on session d3d749bd61f5f2d4d05ca1dfeaa06671 to remote" [_thread_in_native, id=10340, stack(0x000000ca20b00000,0x000000ca20c00000)]
  0x000001d42ea94800 JavaThread "/127.0.0.1:57910 to /127.0.0.1:57909 workers Thread 2" [_thread_blocked, id=5396, stack(0x000000ca21000000,0x000000ca21100000)]
  0x000001d42eb71800 JavaThread "/127.0.0.1:57910 to /127.0.0.1:57909 workers Thread 3" [_thread_in_native, id=10404, stack(0x000000ca21100000,0x000000ca21200000)]
  0x000001d42f91d800 JavaThread "Exec Default Executor" daemon [_thread_in_native, id=1584, stack(0x000000ca21200000,0x000000ca21300000)]
  0x000001d42f9d3800 JavaThread "UrlChecker-2" daemon [_thread_blocked, id=10092, stack(0x000000ca21300000,0x000000ca21400000)]
  0x000001d42f9da800 JavaThread "Exec Stream Pumper" daemon [_thread_in_native, id=5336, stack(0x000000ca21400000,0x000000ca21500000)]
  0x000001d42f97a800 JavaThread "Exec Stream Pumper" daemon [_thread_in_native, id=3380, stack(0x000000ca21500000,0x000000ca21600000)]
  0x000001d42fbb9000 JavaThread "OkHttp ConnectionPool" daemon [_thread_blocked, id=2520, stack(0x000000ca21700000,0x000000ca21800000)]
  0x000001d42fbbc000 JavaThread "Okio Watchdog" daemon [_thread_blocked, id=6496, stack(0x000000ca21800000,0x000000ca21900000)]

Other Threads:
  0x000001d42dfd5800 VMThread "VM Thread" [stack: 0x000000ca1ff00000,0x000000ca20000000] [id=4476]
  0x000001d42e30d000 WatcherThread [stack: 0x000000ca20900000,0x000000ca20a00000] [id=8908]
  0x000001d411a9a000 GCTaskThread "GC Thread#0" [stack: 0x000000ca1fa00000,0x000000ca1fb00000] [id=16180]
  0x000001d42eab2000 GCTaskThread "GC Thread#1" [stack: 0x000000ca20c00000,0x000000ca20d00000] [id=15560]
  0x000001d42eb08800 GCTaskThread "GC Thread#2" [stack: 0x000000ca20d00000,0x000000ca20e00000] [id=12316]
  0x000001d42eb09000 GCTaskThread "GC Thread#3" [stack: 0x000000ca20e00000,0x000000ca20f00000] [id=9660]
  0x000001d411aaa000 ConcurrentGCThread "G1 Main Marker" [stack: 0x000000ca1fb00000,0x000000ca1fc00000] [id=9132]
  0x000001d411aac800 ConcurrentGCThread "G1 Conc#0" [stack: 0x000000ca1fc00000,0x000000ca1fd00000] [id=11328]
  0x000001d411af7000 ConcurrentGCThread "G1 Refine#0" [stack: 0x000000ca1fd00000,0x000000ca1fe00000] [id=3528]
  0x000001d42e809800 ConcurrentGCThread "G1 Refine#1" [stack: 0x000000ca20f00000,0x000000ca21000000] [id=15580]
  0x000001d411afa000 ConcurrentGCThread "G1 Young RemSet Sampling" [stack: 0x000000ca1fe00000,0x000000ca1ff00000] [id=3120]

Threads with active compile tasks:
C2 CompilerThread0  18711 2130       4       java.net.URLStreamHandler::setURL (73 bytes)

VM state:not at safepoint (normal execution)

VM Mutex/Monitor currently owned by a thread: None

Heap address: 0x00000000e0000000, size: 512 MB, Compressed Oops mode: 32-bit
Narrow klass base: 0x0000000000000000, Narrow klass shift: 3
Compressed class space size: 1073741824 Address: 0x0000000100000000

Heap:
 garbage-first heap   total 63488K, used 23728K [0x00000000e0000000, 0x0000000100000000)
  region size 1024K, 9 young (9216K), 1 survivors (1024K)
 Metaspace       used 23393K, capacity 24272K, committed 24448K, reserved 1071104K
  class space    used 2777K, capacity 3175K, committed 3200K, reserved 1048576K
Heap Regions: E=young(eden), S=young(survivor), O=old, HS=humongous(starts), HC=humongous(continues), CS=collection set, F=free, A=archive, TAMS=top-at-mark-start (previous, next)
|   0|0x00000000e0000000, 0x00000000e0100000, 0x00000000e0100000|100%| O|  |TAMS 0x00000000e0100000, 0x00000000e0000000| Untracked 
|   1|0x00000000e0100000, 0x00000000e0200000, 0x00000000e0200000|100%| O|  |TAMS 0x00000000e0200000, 0x00000000e0100000| Untracked 
|   2|0x00000000e0200000, 0x00000000e0300000, 0x00000000e0300000|100%| O|  |TAMS 0x00000000e0300000, 0x00000000e0200000| Untracked 
|   3|0x00000000e0300000, 0x00000000e0400000, 0x00000000e0400000|100%| O|  |TAMS 0x00000000e0400000, 0x00000000e0300000| Untracked 
|   4|0x00000000e0400000, 0x00000000e0500000, 0x00000000e0500000|100%| O|  |TAMS 0x00000000e0500000, 0x00000000e0400000| Untracked 
|   5|0x00000000e0500000, 0x00000000e0600000, 0x00000000e0600000|100%| O|  |TAMS 0x00000000e059be00, 0x00000000e0500000| Untracked 
|   6|0x00000000e0600000, 0x00000000e0700000, 0x00000000e0700000|100%|HS|  |TAMS 0x00000000e0600000, 0x00000000e0600000| Complete 
|   7|0x00000000e0700000, 0x00000000e0800000, 0x00000000e0800000|100%| O|  |TAMS 0x00000000e0700000, 0x00000000e0700000| Untracked 
|   8|0x00000000e0800000, 0x00000000e0900000, 0x00000000e0900000|100%|HS|  |TAMS 0x00000000e0800000, 0x00000000e0800000| Complete 
|   9|0x00000000e0900000, 0x00000000e0a00000, 0x00000000e0a00000|100%| O|  |TAMS 0x00000000e0900000, 0x00000000e0900000| Untracked 
|  10|0x00000000e0a00000, 0x00000000e0aa4000, 0x00000000e0b00000| 64%| O|  |TAMS 0x00000000e0a00000, 0x00000000e0a00000| Untracked 
|  11|0x00000000e0b00000, 0x00000000e0c00000, 0x00000000e0c00000|100%|HS|  |TAMS 0x00000000e0b00000, 0x00000000e0b00000| Complete 
|  12|0x00000000e0c00000, 0x00000000e0d00000, 0x00000000e0d00000|100%|HC|  |TAMS 0x00000000e0c00000, 0x00000000e0c00000| Complete 
|  13|0x00000000e0d00000, 0x00000000e0e00000, 0x00000000e0e00000|100%|HS|  |TAMS 0x00000000e0d00000, 0x00000000e0d00000| Complete 
|  14|0x00000000e0e00000, 0x00000000e0f00000, 0x00000000e0f00000|100%|HC|  |TAMS 0x00000000e0e00000, 0x00000000e0e00000| Complete 
|  15|0x00000000e0f00000, 0x00000000e1000000, 0x00000000e1000000|100%|HS|  |TAMS 0x00000000e0f00000, 0x00000000e0f00000| Complete 
|  16|0x00000000e1000000, 0x00000000e1000000, 0x00000000e1100000|  0%| F|  |TAMS 0x00000000e1000000, 0x00000000e1000000| Untracked 
|  17|0x00000000e1100000, 0x00000000e1100000, 0x00000000e1200000|  0%| F|  |TAMS 0x00000000e1100000, 0x00000000e1100000| Untracked 
|  18|0x00000000e1200000, 0x00000000e1200000, 0x00000000e1300000|  0%| F|  |TAMS 0x00000000e1200000, 0x00000000e1200000| Untracked 
|  19|0x00000000e1300000, 0x00000000e1300000, 0x00000000e1400000|  0%| F|  |TAMS 0x00000000e1300000, 0x00000000e1300000| Untracked 
|  20|0x00000000e1400000, 0x00000000e1400000, 0x00000000e1500000|  0%| F|  |TAMS 0x00000000e1400000, 0x00000000e1400000| Untracked 
|  21|0x00000000e1500000, 0x00000000e1500000, 0x00000000e1600000|  0%| F|  |TAMS 0x00000000e1500000, 0x00000000e1500000| Untracked 
|  22|0x00000000e1600000, 0x00000000e1600000, 0x00000000e1700000|  0%| F|  |TAMS 0x00000000e1600000, 0x00000000e1600000| Untracked 
|  23|0x00000000e1700000, 0x00000000e1700000, 0x00000000e1800000|  0%| F|  |TAMS 0x00000000e1700000, 0x00000000e1700000| Untracked 
|  24|0x00000000e1800000, 0x00000000e1800000, 0x00000000e1900000|  0%| F|  |TAMS 0x00000000e1800000, 0x00000000e1800000| Untracked 
|  25|0x00000000e1900000, 0x00000000e1900000, 0x00000000e1a00000|  0%| F|  |TAMS 0x00000000e1900000, 0x00000000e1900000| Untracked 
|  26|0x00000000e1a00000, 0x00000000e1a88280, 0x00000000e1b00000| 53%| S|CS|TAMS 0x00000000e1a00000, 0x00000000e1a00000| Complete 
|  27|0x00000000e1b00000, 0x00000000e1b00000, 0x00000000e1c00000|  0%| F|  |TAMS 0x00000000e1b00000, 0x00000000e1b00000| Untracked 
|  28|0x00000000e1c00000, 0x00000000e1c00000, 0x00000000e1d00000|  0%| F|  |TAMS 0x00000000e1c00000, 0x00000000e1c00000| Untracked 
|  29|0x00000000e1d00000, 0x00000000e1d00000, 0x00000000e1e00000|  0%| F|  |TAMS 0x00000000e1d00000, 0x00000000e1d00000| Untracked 
|  30|0x00000000e1e00000, 0x00000000e1e00000, 0x00000000e1f00000|  0%| F|  |TAMS 0x00000000e1e00000, 0x00000000e1e00000| Untracked 
|  31|0x00000000e1f00000, 0x00000000e1f00000, 0x00000000e2000000|  0%| F|  |TAMS 0x00000000e1f00000, 0x00000000e1f00000| Untracked 
|  32|0x00000000e2000000, 0x00000000e2000000, 0x00000000e2100000|  0%| F|  |TAMS 0x00000000e2000000, 0x00000000e2000000| Untracked 
|  33|0x00000000e2100000, 0x00000000e2100000, 0x00000000e2200000|  0%| F|  |TAMS 0x00000000e2100000, 0x00000000e2100000| Untracked 
|  34|0x00000000e2200000, 0x00000000e2200000, 0x00000000e2300000|  0%| F|  |TAMS 0x00000000e2200000, 0x00000000e2200000| Untracked 
|  35|0x00000000e2300000, 0x00000000e2300000, 0x00000000e2400000|  0%| F|  |TAMS 0x00000000e2300000, 0x00000000e2300000| Untracked 
|  36|0x00000000e2400000, 0x00000000e2400000, 0x00000000e2500000|  0%| F|  |TAMS 0x00000000e2400000, 0x00000000e2400000| Untracked 
|  37|0x00000000e2500000, 0x00000000e2500000, 0x00000000e2600000|  0%| F|  |TAMS 0x00000000e2500000, 0x00000000e2500000| Untracked 
|  38|0x00000000e2600000, 0x00000000e2600000, 0x00000000e2700000|  0%| F|  |TAMS 0x00000000e2600000, 0x00000000e2600000| Untracked 
|  39|0x00000000e2700000, 0x00000000e2700000, 0x00000000e2800000|  0%| F|  |TAMS 0x00000000e2700000, 0x00000000e2700000| Untracked 
|  40|0x00000000e2800000, 0x00000000e2800000, 0x00000000e2900000|  0%| F|  |TAMS 0x00000000e2800000, 0x00000000e2800000| Untracked 
|  41|0x00000000e2900000, 0x00000000e2900000, 0x00000000e2a00000|  0%| F|  |TAMS 0x00000000e2900000, 0x00000000e2900000| Untracked 
|  42|0x00000000e2a00000, 0x00000000e2a00000, 0x00000000e2b00000|  0%| F|  |TAMS 0x00000000e2a00000, 0x00000000e2a00000| Untracked 
|  43|0x00000000e2b00000, 0x00000000e2b00000, 0x00000000e2c00000|  0%| F|  |TAMS 0x00000000e2b00000, 0x00000000e2b00000| Untracked 
|  44|0x00000000e2c00000, 0x00000000e2c00000, 0x00000000e2d00000|  0%| F|  |TAMS 0x00000000e2c00000, 0x00000000e2c00000| Untracked 
|  45|0x00000000e2d00000, 0x00000000e2d00000, 0x00000000e2e00000|  0%| F|  |TAMS 0x00000000e2d00000, 0x00000000e2d00000| Untracked 
|  46|0x00000000e2e00000, 0x00000000e2e00000, 0x00000000e2f00000|  0%| F|  |TAMS 0x00000000e2e00000, 0x00000000e2e00000| Untracked 
|  47|0x00000000e2f00000, 0x00000000e2f00000, 0x00000000e3000000|  0%| F|  |TAMS 0x00000000e2f00000, 0x00000000e2f00000| Untracked 
|  48|0x00000000e3000000, 0x00000000e3000000, 0x00000000e3100000|  0%| F|  |TAMS 0x00000000e3000000, 0x00000000e3000000| Untracked 
|  49|0x00000000e3100000, 0x00000000e3100000, 0x00000000e3200000|  0%| F|  |TAMS 0x00000000e3100000, 0x00000000e3100000| Untracked 
|  50|0x00000000e3200000, 0x00000000e3200000, 0x00000000e3300000|  0%| F|  |TAMS 0x00000000e3200000, 0x00000000e3200000| Untracked 
|  51|0x00000000e3300000, 0x00000000e3300000, 0x00000000e3400000|  0%| F|  |TAMS 0x00000000e3300000, 0x00000000e3300000| Untracked 
|  52|0x00000000e3400000, 0x00000000e3400000, 0x00000000e3500000|  0%| F|  |TAMS 0x00000000e3400000, 0x00000000e3400000| Untracked 
|  53|0x00000000e3500000, 0x00000000e3500000, 0x00000000e3600000|  0%| F|  |TAMS 0x00000000e3500000, 0x00000000e3500000| Untracked 
|  54|0x00000000e3600000, 0x00000000e3600800, 0x00000000e3700000|  0%| E|  |TAMS 0x00000000e3600000, 0x00000000e3600000| Complete 
|  55|0x00000000e3700000, 0x00000000e3800000, 0x00000000e3800000|100%| E|CS|TAMS 0x00000000e3700000, 0x00000000e3700000| Complete 
|  56|0x00000000e3800000, 0x00000000e3900000, 0x00000000e3900000|100%| E|CS|TAMS 0x00000000e3800000, 0x00000000e3800000| Complete 
|  57|0x00000000e3900000, 0x00000000e3a00000, 0x00000000e3a00000|100%| E|CS|TAMS 0x00000000e3900000, 0x00000000e3900000| Complete 
|  58|0x00000000e3a00000, 0x00000000e3b00000, 0x00000000e3b00000|100%| E|CS|TAMS 0x00000000e3a00000, 0x00000000e3a00000| Complete 
|  59|0x00000000e3b00000, 0x00000000e3c00000, 0x00000000e3c00000|100%| E|CS|TAMS 0x00000000e3b00000, 0x00000000e3b00000| Complete 
|  60|0x00000000e3c00000, 0x00000000e3d00000, 0x00000000e3d00000|100%| E|CS|TAMS 0x00000000e3c00000, 0x00000000e3c00000| Complete 
|  61|0x00000000e3d00000, 0x00000000e3e00000, 0x00000000e3e00000|100%| E|CS|TAMS 0x00000000e3d00000, 0x00000000e3d00000| Complete 

Card table byte_map: [0x000001d42a050000,0x000001d42a150000] _byte_map_base: 0x000001d429950000

Marking Bits (Prev, Next): (CMBitMap*) 0x000001d411aa7330, (CMBitMap*) 0x000001d411aa72f8
 Prev Bits: [0x000001d42aa50000, 0x000001d42b250000)
 Next Bits: [0x000001d42a250000, 0x000001d42aa50000)

Polling page: 0x000001d411930000

Metaspace:

Usage:
  Non-class:     20.60 MB capacity,    20.13 MB ( 98%) used,   392.08 KB (  2%) free+waste,    88.75 KB ( <1%) overhead. 
      Class:      3.10 MB capacity,     2.71 MB ( 87%) used,   350.42 KB ( 11%) free+waste,    47.56 KB (  1%) overhead. 
       Both:     23.70 MB capacity,    22.84 MB ( 96%) used,   742.50 KB (  3%) free+waste,   136.31 KB ( <1%) overhead. 

Virtual space:
  Non-class space:       22.00 MB reserved,      20.75 MB ( 94%) committed 
      Class space:        1.00 GB reserved,       3.13 MB ( <1%) committed 
             Both:        1.02 GB reserved,      23.88 MB (  2%) committed 

Chunk freelists:
   Non-Class:  2.88 KB
       Class:  3.13 KB
        Both:  6.00 KB

CodeHeap 'non-profiled nmethods': size=120064Kb used=844Kb max_used=844Kb free=119219Kb
 bounds [0x000001d4223f0000, 0x000001d422660000, 0x000001d429930000]
CodeHeap 'profiled nmethods': size=120000Kb used=4346Kb max_used=4346Kb free=115653Kb
 bounds [0x000001d41aec0000, 0x000001d41b300000, 0x000001d4223f0000]
CodeHeap 'non-nmethods': size=5696Kb used=1149Kb max_used=1186Kb free=4546Kb
 bounds [0x000001d41a930000, 0x000001d41aba0000, 0x000001d41aec0000]
 total_blobs=2622 nmethods=2135 adapters=398
 compilation: enabled
              stopped_count=0, restarted_count=0
 full_count=0

Compilation events (10 events):
Event: 18.641 Thread 0x000001d42e01f800 2133       3       java.util.Spliterator::getExactSizeIfKnown (25 bytes)
Event: 18.641 Thread 0x000001d42e01f800 nmethod 2133 0x000001d41b2fce90 code [0x000001d41b2fd040, 0x000001d41b2fd318]
Event: 18.642 Thread 0x000001d42e01f800 2134       3       java.util.regex.Pattern$$Lambda$78/0x000000010016e040::is (13 bytes)
Event: 18.642 Thread 0x000001d42e01f800 nmethod 2134 0x000001d41b2fd410 code [0x000001d41b2fd5c0, 0x000001d41b2fd818]
Event: 18.642 Thread 0x000001d42e01f800 2135       3       java.util.regex.Pattern::lambda$Range$11 (7 bytes)
Event: 18.642 Thread 0x000001d42e01f800 nmethod 2135 0x000001d41b2fd910 code [0x000001d41b2fdaa0, 0x000001d41b2fdc78]
Event: 18.642 Thread 0x000001d42e01f800 2136       3       java.util.regex.Matcher::getTextLength (10 bytes)
Event: 18.642 Thread 0x000001d42e01f800 nmethod 2136 0x000001d41b2fdd10 code [0x000001d41b2fdec0, 0x000001d41b2fe088]
Event: 18.642 Thread 0x000001d42e01f800 2137       3       java.util.stream.AbstractPipeline::wrapSink (37 bytes)
Event: 18.643 Thread 0x000001d42e01f800 nmethod 2137 0x000001d41b2fe190 code [0x000001d41b2fe360, 0x000001d41b2fe758]

GC Heap History (10 events):
Event: 3.803 GC heap before
{Heap before GC invocations=11 (full 0):
 garbage-first heap   total 63488K, used 49289K [0x00000000e0000000, 0x0000000100000000)
  region size 1024K, 37 young (37888K), 3 survivors (3072K)
 Metaspace       used 20873K, capacity 21660K, committed 21808K, reserved 1069056K
  class space    used 2467K, capacity 2807K, committed 2816K, reserved 1048576K
}
Event: 3.805 GC heap after
{Heap after GC invocations=12 (full 0):
 garbage-first heap   total 63488K, used 11504K [0x00000000e0000000, 0x0000000100000000)
  region size 1024K, 3 young (3072K), 3 survivors (3072K)
 Metaspace       used 20873K, capacity 21660K, committed 21808K, reserved 1069056K
  class space    used 2467K, capacity 2807K, committed 2816K, reserved 1048576K
}
Event: 3.849 GC heap before
{Heap before GC invocations=12 (full 0):
 garbage-first heap   total 63488K, used 47344K [0x00000000e0000000, 0x0000000100000000)
  region size 1024K, 37 young (37888K), 3 survivors (3072K)
 Metaspace       used 21129K, capacity 21935K, committed 22192K, reserved 1069056K
  class space    used 2512K, capacity 2864K, committed 2944K, reserved 1048576K
}
Event: 3.852 GC heap after
{Heap after GC invocations=13 (full 0):
 garbage-first heap   total 63488K, used 12243K [0x00000000e0000000, 0x0000000100000000)
  region size 1024K, 4 young (4096K), 4 survivors (4096K)
 Metaspace       used 21129K, capacity 21935K, committed 22192K, reserved 1069056K
  class space    used 2512K, capacity 2864K, committed 2944K, reserved 1048576K
}
Event: 3.865 GC heap before
{Heap before GC invocations=13 (full 0):
 garbage-first heap   total 63488K, used 47059K [0x00000000e0000000, 0x0000000100000000)
  region size 1024K, 37 young (37888K), 4 survivors (4096K)
 Metaspace       used 21129K, capacity 21935K, committed 22192K, reserved 1069056K
  class space    used 2512K, capacity 2864K, committed 2944K, reserved 1048576K
}
Event: 3.868 GC heap after
{Heap after GC invocations=14 (full 0):
 garbage-first heap   total 63488K, used 12211K [0x00000000e0000000, 0x0000000100000000)
  region size 1024K, 2 young (2048K), 2 survivors (2048K)
 Metaspace       used 21129K, capacity 21935K, committed 22192K, reserved 1069056K
  class space    used 2512K, capacity 2864K, committed 2944K, reserved 1048576K
}
Event: 3.890 GC heap before
{Heap before GC invocations=14 (full 0):
 garbage-first heap   total 63488K, used 49075K [0x00000000e0000000, 0x0000000100000000)
  region size 1024K, 37 young (37888K), 2 survivors (2048K)
 Metaspace       used 21142K, capacity 21948K, committed 22192K, reserved 1069056K
  class space    used 2515K, capacity 2868K, committed 2944K, reserved 1048576K
}
Event: 3.891 GC heap after
{Heap after GC invocations=15 (full 0):
 garbage-first heap   total 63488K, used 12211K [0x00000000e0000000, 0x0000000100000000)
  region size 1024K, 2 young (2048K), 2 survivors (2048K)
 Metaspace       used 21142K, capacity 21948K, committed 22192K, reserved 1069056K
  class space    used 2515K, capacity 2868K, committed 2944K, reserved 1048576K
}
Event: 3.991 GC heap before
{Heap before GC invocations=15 (full 0):
 garbage-first heap   total 63488K, used 53171K [0x00000000e0000000, 0x0000000100000000)
  region size 1024K, 37 young (37888K), 2 survivors (2048K)
 Metaspace       used 21889K, capacity 22684K, committed 23088K, reserved 1069056K
  class space    used 2612K, capacity 2964K, committed 3072K, reserved 1048576K
}
Event: 3.992 GC heap after
{Heap after GC invocations=16 (full 0):
 garbage-first heap   total 63488K, used 12464K [0x00000000e0000000, 0x0000000100000000)
  region size 1024K, 1 young (1024K), 1 survivors (1024K)
 Metaspace       used 21889K, capacity 22684K, committed 23088K, reserved 1069056K
  class space    used 2612K, capacity 2964K, committed 3072K, reserved 1048576K
}

Deoptimization events (10 events):
Event: 7.790 Thread 0x000001d42ea97000 Uncommon trap: reason=class_check action=maybe_recompile pc=0x000001d422490420 method=org.openqa.selenium.json.Input.init()V @ 18 c2
Event: 7.790 Thread 0x000001d42ea97000 Uncommon trap: reason=class_check action=maybe_recompile pc=0x000001d42249bb94 method=org.openqa.selenium.json.Input.init()V @ 18 c2
Event: 7.792 Thread 0x000001d42ea97000 Uncommon trap: reason=class_check action=maybe_recompile pc=0x000001d422491760 method=org.openqa.selenium.json.Input.init()V @ 18 c2
Event: 7.792 Thread 0x000001d42ea97000 Uncommon trap: reason=class_check action=maybe_recompile pc=0x000001d422499708 method=org.openqa.selenium.json.Input.init()V @ 18 c2
Event: 7.809 Thread 0x000001d42ea97000 Uncommon trap: reason=class_check action=maybe_recompile pc=0x000001d4224778c0 method=java.util.HashMap.putVal(ILjava/lang/Object;Ljava/lang/Object;ZZ)Ljava/lang/Object; @ 253 c2
Event: 7.921 Thread 0x000001d42ea97000 Uncommon trap: reason=unstable_if action=reinterpret pc=0x000001d42242453c method=java.lang.AbstractStringBuilder.putStringAt(ILjava/lang/String;)V @ 8 c2
Event: 7.921 Thread 0x000001d42ea97000 Uncommon trap: reason=unstable_if action=reinterpret pc=0x000001d4224253a8 method=java.lang.AbstractStringBuilder.putStringAt(ILjava/lang/String;)V @ 8 c2
Event: 7.922 Thread 0x000001d42ea97000 Uncommon trap: reason=unstable_if action=reinterpret pc=0x000001d42243bc6c method=java.lang.String.getBytes([BIB)V @ 5 c2
Event: 7.922 Thread 0x000001d42ea97000 Uncommon trap: reason=unstable_if action=reinterpret pc=0x000001d42243ca28 method=java.lang.StringBuilder.toString()Ljava/lang/String; @ 4 c2
Event: 7.922 Thread 0x000001d42ea97000 Uncommon trap: reason=unstable_if action=reinterpret pc=0x000001d4224afc78 method=java.lang.String.getChars(II[CI)V @ 23 c2

Classes redefined (0 events):
No events

Internal exceptions (10 events):
Event: 3.484 Thread 0x000001d42ea97000 Exception <a 'java/lang/NoSuchMethodError'{0x00000000e31d0068}: java.lang.invoke.DirectMethodHandle$Holder.invokeVirtual(Ljava/lang/Object;Ljava/lang/Object;)D> (0x00000000e31d0068) thrown at [./open/src/hotspot/share/interpreter/linkResolver.cpp, line 77
Event: 3.484 Thread 0x000001d42ea97000 Exception <a 'java/lang/NoSuchMethodError'{0x00000000e31d6348}: java.lang.invoke.DirectMethodHandle$Holder.invokeVirtual(Ljava/lang/Object;Ljava/lang/Object;)F> (0x00000000e31d6348) thrown at [./open/src/hotspot/share/interpreter/linkResolver.cpp, line 77
Event: 3.486 Thread 0x000001d42ea97000 Exception <a 'java/lang/NoSuchMethodError'{0x00000000e31dedd0}: java.lang.invoke.DirectMethodHandle$Holder.invokeVirtual(Ljava/lang/Object;Ljava/lang/Object;)J> (0x00000000e31dedd0) thrown at [./open/src/hotspot/share/interpreter/linkResolver.cpp, line 77
Event: 3.827 Thread 0x000001d42ea97000 Exception <a 'java/lang/NoSuchMethodError'{0x00000000e224a948}: java.lang.invoke.DirectMethodHandle$Holder.invokeStatic(Ljava/lang/Object;Ljava/lang/Object;Ljava/lang/Object;Ljava/lang/Object;Ljava/lang/Object;Ljava/lang/Object;)V> (0x00000000e224a948) th
Event: 7.801 Thread 0x000001d42ea97000 Exception <a 'java/lang/NoSuchMethodError'{0x00000000e3906bc8}: java.lang.invoke.DirectMethodHandle$Holder.invokeSpecialIFC(Ljava/lang/Object;Ljava/lang/Object;Ljava/lang/Object;)Ljava/lang/Object;> (0x00000000e3906bc8) thrown at [./open/src/hotspot/share
Event: 7.877 Thread 0x000001d42ea97000 Exception <a 'java/lang/NoSuchMethodError'{0x00000000e39936a0}: java.lang.invoke.DirectMethodHandle$Holder.invokeStatic(Ljava/lang/Object;ILjava/lang/Object;)Ljava/lang/Object;> (0x00000000e39936a0) thrown at [./open/src/hotspot/share/interpreter/linkReso
Event: 7.917 Thread 0x000001d42ea97000 Exception <a 'java/lang/ClassNotFoundException'{0x00000000e3888a58}: sun/util/logging/resources/spi/loggingProvider> (0x00000000e3888a58) thrown at [./open/src/hotspot/share/classfile/systemDictionary.cpp, line 226]
Event: 7.980 Thread 0x000001d42ea97000 Exception <a 'java/net/SocketTimeoutException'{0x00000000e37837a0}: Read timed out> (0x00000000e37837a0) thrown at [./open/src/hotspot/share/prims/jni.cpp, line 632]
Event: 18.559 Thread 0x000001d42ea97000 Exception <a 'java/net/SocketTimeoutException'{0x00000000e379e530}: Read timed out> (0x00000000e379e530) thrown at [./open/src/hotspot/share/prims/jni.cpp, line 632]
Event: 18.639 Thread 0x000001d42ea97000 Exception <a 'java/net/SocketTimeoutException'{0x00000000e37cec40}: Read timed out> (0x00000000e37cec40) thrown at [./open/src/hotspot/share/prims/jni.cpp, line 632]

Events (10 events):
Event: 18.625 loading class org/openqa/selenium/WebDriver$Window
Event: 18.625 loading class org/openqa/selenium/WebDriver$Window done
Event: 18.625 loading class org/openqa/selenium/WebDriver$Timeouts
Event: 18.625 loading class org/openqa/selenium/WebDriver$Timeouts done
Event: 18.625 loading class org/openqa/selenium/WebDriver$ImeHandler
Event: 18.625 loading class org/openqa/selenium/WebDriver$ImeHandler done
Event: 18.626 loading class org/openqa/selenium/remote/RemoteWebDriver$RemoteWebDriverOptions$RemoteTimeouts
Event: 18.626 loading class org/openqa/selenium/remote/RemoteWebDriver$RemoteWebDriverOptions$RemoteTimeouts done
Event: 18.641 loading class org/openqa/selenium/remote/RemoteWebDriver$RemoteWebDriverOptions$RemoteWindow
Event: 18.641 loading class org/openqa/selenium/remote/RemoteWebDriver$RemoteWebDriverOptions$RemoteWindow done


Dynamic libraries:
0x00007ff798940000 - 0x00007ff79894f000 	C:\Program Files\Java\jdk-11.0.14\bin\java.exe
0x00007ffd942d0000 - 0x00007ffd944c5000 	C:\WINDOWS\SYSTEM32\ntdll.dll
0x00007ffd936e0000 - 0x00007ffd9379e000 	C:\WINDOWS\System32\KERNEL32.DLL
0x00007ffd91f10000 - 0x00007ffd921d8000 	C:\WINDOWS\System32\KERNELBASE.dll
0x00007ffd922f0000 - 0x00007ffd923f0000 	C:\WINDOWS\System32\ucrtbase.dll
0x00007ffd8ed70000 - 0x00007ffd8ed85000 	C:\Program Files\Java\jdk-11.0.14\bin\VCRUNTIME140.dll
0x00007ffd8ed90000 - 0x00007ffd8eda8000 	C:\Program Files\Java\jdk-11.0.14\bin\jli.dll
0x00007ffd92420000 - 0x00007ffd924ce000 	C:\WINDOWS\System32\ADVAPI32.dll
0x00007ffd92730000 - 0x00007ffd927ce000 	C:\WINDOWS\System32\msvcrt.dll
0x00007ffd92690000 - 0x00007ffd9272c000 	C:\WINDOWS\System32\sechost.dll
0x00007ffd935b0000 - 0x00007ffd936d5000 	C:\WINDOWS\System32\RPCRT4.dll
0x00007ffd924d0000 - 0x00007ffd92670000 	C:\WINDOWS\System32\USER32.dll
0x00007ffd923f0000 - 0x00007ffd92412000 	C:\WINDOWS\System32\win32u.dll
0x00007ffd93fe0000 - 0x00007ffd9400a000 	C:\WINDOWS\System32\GDI32.dll
0x00007ffd921e0000 - 0x00007ffd922eb000 	C:\WINDOWS\System32\gdi32full.dll
0x00007ffd91c40000 - 0x00007ffd91cdd000 	C:\WINDOWS\System32\msvcp_win.dll
0x00007ffd7f020000 - 0x00007ffd7f2ba000 	C:\WINDOWS\WinSxS\amd64_microsoft.windows.common-controls_6595b64144ccf1df_6.0.19041.1110_none_60b5254171f9507e\COMCTL32.dll
0x00007ffd7d460000 - 0x00007ffd7d46a000 	C:\WINDOWS\SYSTEM32\VERSION.dll
0x00007ffd938d0000 - 0x00007ffd93900000 	C:\WINDOWS\System32\IMM32.DLL
0x00007ffd738a0000 - 0x00007ffd7393b000 	C:\Program Files\Java\jdk-11.0.14\bin\msvcp140.dll
0x00007ffd283c0000 - 0x00007ffd28ed6000 	C:\Program Files\Java\jdk-11.0.14\bin\server\jvm.dll
0x00007ffd941b0000 - 0x00007ffd941b8000 	C:\WINDOWS\System32\PSAPI.DLL
0x00007ffd7ca00000 - 0x00007ffd7ca27000 	C:\WINDOWS\SYSTEM32\WINMM.dll
0x00007ffd7c270000 - 0x00007ffd7c279000 	C:\WINDOWS\SYSTEM32\WSOCK32.dll
0x00007ffd92d70000 - 0x00007ffd92ddb000 	C:\WINDOWS\System32\ws2_32.DLL
0x00007ffd90350000 - 0x00007ffd90362000 	C:\WINDOWS\SYSTEM32\kernel.appcore.dll
0x00007ffd8ed60000 - 0x00007ffd8ed70000 	C:\Program Files\Java\jdk-11.0.14\bin\verify.dll
0x00007ffd90060000 - 0x00007ffd90244000 	C:\WINDOWS\SYSTEM32\DBGHELP.DLL
0x00007ffd7a8f0000 - 0x00007ffd7a91c000 	C:\WINDOWS\SYSTEM32\dbgcore.DLL
0x00007ffd91da0000 - 0x00007ffd91e22000 	C:\WINDOWS\System32\bcryptPrimitives.dll
0x00007ffd8cd90000 - 0x00007ffd8cdb8000 	C:\Program Files\Java\jdk-11.0.14\bin\java.dll
0x00007ffd8cd80000 - 0x00007ffd8cd8a000 	C:\Program Files\Java\jdk-11.0.14\bin\jimage.dll
0x00007ffd8cd60000 - 0x00007ffd8cd76000 	C:\Program Files\Java\jdk-11.0.14\bin\zip.dll
0x00007ffd92e60000 - 0x00007ffd935a4000 	C:\WINDOWS\System32\SHELL32.dll
0x00007ffd8f7f0000 - 0x00007ffd8ff84000 	C:\WINDOWS\SYSTEM32\windows.storage.dll
0x00007ffd93900000 - 0x00007ffd93c54000 	C:\WINDOWS\System32\combase.dll
0x00007ffd91480000 - 0x00007ffd914ac000 	C:\WINDOWS\SYSTEM32\Wldp.dll
0x00007ffd93f30000 - 0x00007ffd93fdd000 	C:\WINDOWS\System32\SHCORE.dll
0x00007ffd94010000 - 0x00007ffd94065000 	C:\WINDOWS\System32\shlwapi.dll
0x00007ffd91a20000 - 0x00007ffd91a3f000 	C:\WINDOWS\SYSTEM32\profapi.dll
0x00007ffd8cd00000 - 0x00007ffd8cd19000 	C:\Program Files\Java\jdk-11.0.14\bin\net.dll
0x00007ffd87ef0000 - 0x00007ffd87ffa000 	C:\WINDOWS\SYSTEM32\WINHTTP.dll
0x00007ffd911e0000 - 0x00007ffd9124a000 	C:\WINDOWS\system32\mswsock.dll
0x00007ffd8ada0000 - 0x00007ffd8adb2000 	C:\Program Files\Java\jdk-11.0.14\bin\nio.dll
0x00007ffd913d0000 - 0x00007ffd913e8000 	C:\WINDOWS\SYSTEM32\CRYPTSP.dll
0x00007ffd90b20000 - 0x00007ffd90b54000 	C:\WINDOWS\system32\rsaenh.dll
0x00007ffd91e30000 - 0x00007ffd91e57000 	C:\WINDOWS\System32\bcrypt.dll
0x00007ffd919a0000 - 0x00007ffd919ce000 	C:\WINDOWS\SYSTEM32\USERENV.dll
0x00007ffd913f0000 - 0x00007ffd913fc000 	C:\WINDOWS\SYSTEM32\CRYPTBASE.dll
0x00007ffd90eb0000 - 0x00007ffd90eeb000 	C:\WINDOWS\SYSTEM32\IPHLPAPI.DLL
0x00007ffd927d0000 - 0x00007ffd927d8000 	C:\WINDOWS\System32\NSI.dll
0x00007ffd87750000 - 0x00007ffd87767000 	C:\WINDOWS\SYSTEM32\dhcpcsvc6.DLL
0x00007ffd87660000 - 0x00007ffd8767d000 	C:\WINDOWS\SYSTEM32\dhcpcsvc.DLL
0x00007ffd90ef0000 - 0x00007ffd90fbb000 	C:\WINDOWS\SYSTEM32\DNSAPI.dll
0x00007ffd89830000 - 0x00007ffd8983a000 	C:\Windows\System32\rasadhlp.dll
0x00007ffd82260000 - 0x00007ffd822df000 	C:\WINDOWS\System32\fwpuclnt.dll
0x00007ffd8ccf0000 - 0x00007ffd8ccfd000 	C:\Program Files\Java\jdk-11.0.14\bin\sunmscapi.dll
0x00007ffd91ae0000 - 0x00007ffd91c36000 	C:\WINDOWS\System32\CRYPT32.dll
0x00007ffd914f0000 - 0x00007ffd91517000 	C:\WINDOWS\SYSTEM32\ncrypt.dll
0x00007ffd914b0000 - 0x00007ffd914eb000 	C:\WINDOWS\SYSTEM32\NTASN1.dll
0x00007ffd7dd10000 - 0x00007ffd7dd35000 	C:\Program Files\Java\jdk-11.0.14\bin\sunec.dll

dbghelp: loaded successfully - version: 4.0.5 - missing functions: none
symbol engine: initialized successfully - sym options: 0x614 - pdb path: .;C:\Program Files\Java\jdk-11.0.14\bin;C:\WINDOWS\SYSTEM32;C:\WINDOWS\WinSxS\amd64_microsoft.windows.common-controls_6595b64144ccf1df_6.0.19041.1110_none_60b5254171f9507e;C:\Program Files\Java\jdk-11.0.14\bin\server

VM Arguments:
jvm_args: -Dorg.gradle.internal.worker.tmpdir=F:\Qa29 Projects\AcrossTroughtCaptcha\build\tmp\test\work -Dorg.gradle.native=false --add-opens=java.base/java.util=ALL-UNNAMED --add-opens=java.base/java.lang=ALL-UNNAMED -Xmx512m -Dfile.encoding=windows-1251 -Duser.country=RU -Duser.language=ru -Duser.variant -ea 
java_command: worker.org.gradle.process.internal.worker.GradleWorkerMain 'Gradle Test Executor 9'
java_class_path (initial): C:\Users\Owner\.gradle\caches\7.1\workerMain\gradle-worker.jar;F:\Qa29 Projects\AcrossTroughtCaptcha\build\classes\java\test;F:\Qa29 Projects\AcrossTroughtCaptcha\build\resources\test;F:\Qa29 Projects\AcrossTroughtCaptcha\build\classes\java\main;F:\Qa29 Projects\AcrossTroughtCaptcha\build\resources\main;C:\Users\Owner\.gradle\caches\modules-2\files-2.1\com.codeborne\selenide\5.20.4\c6e7f5f0a19bafad3b57ca096b3dbbba0078e23c\selenide-5.20.4.jar;C:\Users\Owner\.gradle\caches\modules-2\files-2.1\io.github.bonigarcia\webdrivermanager\4.4.1\81a7bf115289102503b557b5435063a20c149089\webdrivermanager-4.4.1.jar;C:\Users\Owner\.gradle\caches\modules-2\files-2.1\com.google.code.gson\gson\2.8.6\9180733b7df8542621dc12e21e87557e8c99b8cb\gson-2.8.6.jar;C:\Users\Owner\.gradle\caches\modules-2\files-2.1\org.junit.platform\junit-platform-engine\1.8.1\e6c63bf990dc88a6527b4ed617b23e47048f07e0\junit-platform-engine-1.8.1.jar;C:\Users\Owner\.gradle\caches\modules-2\files-2.1\org.junit.platform\junit-platform-commons\1.8.1\1e362cbe6d0f225b066757865e233972557484\junit-platform-commons-1.8.1.jar;C:\Users\Owner\.gradle\caches\modules-2\files-2.1\org.junit.jupiter\junit-jupiter-engine\5.8.1\21b86e08aae2720bbf017703669948be96d1388c\junit-jupiter-engine-5.8.1.jar;C:\Users\Owner\.gradle\caches\modules-2\files-2.1\org.junit.jupiter\junit-jupiter-api\5.8.1\6538b88eb8bf8811bc7b6efb5246f835c15e0bfe\junit-jupiter-api-5.8.1.jar;C:\Users\Owner\.gradle\caches\modules-2\files-2.1\io.rest-assured\rest-assured\4.3.2\f45a15e7b0969351fa758cf588804d0401a074d6\rest-assured-4.3.2.jar;C:\Users\Owner\.gradle\caches\modules-2\files-2.1\org.seleniumhq.selenium\selenium-java\3.141.59\e8e20b741299cb8ffedbd2925a3ab69d08b41063\selenium-java-3.141.59.jar;C:\Users\Owner\.gradle\caches\modules-2\files-2.1\org.rauschig\jarchivelib\1.1.0\67d50e8656636aa652f745a5d9a437bccdf1346\jarchivelib-1.1.0.jar;C:\Users\Owner\.gradle\caches\modules-2\files-2.1\org.apache.httpcomponents.client5\httpclient5\5.0.
Launcher Type: SUN_STANDARD

[Global flags]
     intx CICompilerCount                          = 3                                         {product} {ergonomic}
     uint ConcGCThreads                            = 1                                         {product} {ergonomic}
     uint G1ConcRefinementThreads                  = 4                                         {product} {ergonomic}
   size_t G1HeapRegionSize                         = 1048576                                   {product} {ergonomic}
    uintx GCDrainStackTargetSize                   = 64                                        {product} {ergonomic}
   size_t InitialHeapSize                          = 65011712                                  {product} {ergonomic}
   size_t MarkStackSize                            = 4194304                                   {product} {ergonomic}
   size_t MaxHeapSize                              = 536870912                                 {product} {command line}
   size_t MaxNewSize                               = 321912832                                 {product} {ergonomic}
   size_t MinHeapDeltaBytes                        = 1048576                                   {product} {ergonomic}
    uintx NonNMethodCodeHeapSize                   = 5830732                                {pd product} {ergonomic}
    uintx NonProfiledCodeHeapSize                  = 122913754                              {pd product} {ergonomic}
    uintx ProfiledCodeHeapSize                     = 122913754                              {pd product} {ergonomic}
    uintx ReservedCodeCacheSize                    = 251658240                              {pd product} {ergonomic}
     bool SegmentedCodeCache                       = true                                      {product} {ergonomic}
     bool UseCompressedClassPointers               = true                                 {lp64_product} {ergonomic}
     bool UseCompressedOops                        = true                                 {lp64_product} {ergonomic}
     bool UseG1GC                                  = true                                      {product} {ergonomic}
     bool UseLargePagesIndividualAllocation        = false                                  {pd product} {ergonomic}

Logging:
Log output configuration:
 #0: stdout all=warning uptime,level,tags
 #1: stderr all=off uptime,level,tags

Environment Variables:
JAVA_HOME=C:\Program Files\Java\jdk-11.0.14
CLASSPATH=C:\Program Files\Java\jre1.8.0_271\lib\*.jar
PATH=C:\Program Files\Common Files\Oracle\Java\javapath;C:\Program Files\Java\jdk-11.0.14\bin;C:\Tools\;C:\Tools\gradle-7.2\bin;C:\Users\Owner\AppData\Local\Android\Sdk\emulator;C:\Users\Owner\AppData\Local\Android\Sdk\tools;C:\Users\Owner\AppData\Local\Android\Sdk\platform-tools;C:\Users\Owner\AppData\Local\Android\Sdk\tools\bin;C:\Program Files (x86)\Common Files\Oracle\Java\javapath;C:\WINDOWS\system32;C:\WINDOWS;C:\WINDOWS\System32\Wbem;C:\WINDOWS\System32\WindowsPowerShell\v1.0\;C:\WINDOWS\System32\OpenSSH\;C:\Program Files\Java\jdk-11.0.14\bin;C:\Program Files\Git\cmd;C:\Program Files\PuTTY\;C:\Program Files (x86)\NetSarang\Xshell 7\;C:\Program Files\nodejs\;C:\ProgramData\chocolatey\bin;C:\Python310\;C:\Python310\Scripts\;C:\Program Files\Docker\Docker\resources\bin;C:\ProgramData\DockerDesktop\version-bin;C:\Tools\allure-2.14.0\bin;C:\Users\Owner\AppData\Local\Microsoft\WindowsApps;C:\Users\Owner\AppData\Local\GitHubDesktop\bin;C:\Users\Owner\AppData\Roaming\npm;
USERNAME=Owner
OS=Windows_NT
PROCESSOR_IDENTIFIER=Intel64 Family 6 Model 142 Stepping 9, GenuineIntel



---------------  S Y S T E M  ---------------

OS: Windows 10 , 64 bit Build 19041 (10.0.19041.1645)
Hyper-V role detected

CPU:total 4 (initial active 4) (2 cores per cpu, 2 threads per core) family 6 model 142 stepping 9 microcode 0xb4, cmov, cx8, fxsr, mmx, sse, sse2, sse3, ssse3, sse4.1, sse4.2, popcnt, avx, avx2, aes, clmul, erms, 3dnowpref, lzcnt, ht, tsc, tscinvbit, bmi1, bmi2, adx, fma

Memory: 4k page, system-wide physical 3962M (196M free)
TotalPageFile size 16250M (AvailPageFile size 1M)
current process WorkingSet (physical memory assigned to process): 121M, peak: 134M
current process commit charge ("private bytes"): 164M, peak: 177M

vm_info: Java HotSpot(TM) 64-Bit Server VM (11.0.14+8-LTS-263) for windows-amd64 JRE (11.0.14+8-LTS-263), built on Dec  7 2021 21:53:57 by "mach5one" with MS VC++ 15.9 (VS2017)

END.
